{"C:\\Users\\MISTER PC\\OneDrive\\Рабочий стол\\JS_Homework\\HomeworkJS(до 20.02.2023)\\Date.js": {"path":"C:\\Users\\MISTER PC\\OneDrive\\Рабочий стол\\JS_Homework\\HomeworkJS(до 20.02.2023)\\Date.js","statementMap":{"0":{"start":{"line":2,"column":16},"end":{"line":2,"column":30}},"1":{"start":{"line":3,"column":4},"end":{"line":3,"column":47}},"2":{"start":{"line":5,"column":0},"end":{"line":5,"column":29}}},"fnMap":{"0":{"name":"StartOfMonth","decl":{"start":{"line":1,"column":9},"end":{"line":1,"column":21}},"loc":{"start":{"line":1,"column":28},"end":{"line":4,"column":1}},"line":1}},"branchMap":{"0":{"loc":{"start":{"line":3,"column":11},"end":{"line":3,"column":46}},"type":"cond-expr","locations":[{"start":{"line":3,"column":34},"end":{"line":3,"column":38}},{"start":{"line":3,"column":41},"end":{"line":3,"column":46}}],"line":3}},"s":{"0":2,"1":2,"2":1},"f":{"0":2},"b":{"0":[1,1]},"_coverageSchema":"1a1c01bbd47fc00a2c39e90264f33305004495a9","hash":"e07a7dc0c78a16dc96d59c21db3583d054871e1b"}
}
